{
"src/mocks/MaliciousReentrant.sol":{"l":{"13":1,"17":0,"18":0,"25":0,"26":0,"28":0},"path":"/ai-projects/randomproof/contracts/src/mocks/MaliciousReentrant.sol","s":{"1":0,"2":0,"3":0},"b":{"1":[0,0]},"f":{"1":1,"2":0,"3":0},"fnMap":{"1":{"name":"constructor","line":12,"loc":{"start":{"line":12,"column":4},"end":{"line":14,"column":4}}},"2":{"name":"attack","line":16,"loc":{"start":{"line":16,"column":4},"end":{"line":22,"column":4}}},"3":{"name":null,"line":24,"loc":{"start":{"line":24,"column":4},"end":{"line":33,"column":4}}}},"statementMap":{"1":{"start":{"line":18,"column":8},"end":{"line":18,"column":443}},"2":{"start":{"line":25,"column":8},"end":{"line":25,"column":632}},"3":{"start":{"line":28,"column":12},"end":{"line":28,"column":738}}},"branchMap":{"1":{"line":25,"type":"if","locations":[{"start":{"line":25,"column":8},"end":{"line":25,"column":8}},{"start":{"line":25,"column":8},"end":{"line":25,"column":8}}]}}},
"src/mocks/MockVRFCoordinator.sol":{"l":{"29":18,"30":18,"32":18,"43":18,"51":7,"53":6,"61":0},"path":"/ai-projects/randomproof/contracts/src/mocks/MockVRFCoordinator.sol","s":{"1":18,"2":18,"3":18,"4":7,"5":6,"6":0},"b":{"1":[6,1]},"f":{"1":18,"2":7,"3":0},"fnMap":{"1":{"name":"requestRandomWords","line":22,"loc":{"start":{"line":22,"column":4},"end":{"line":44,"column":4}}},"2":{"name":"fulfillRandomWords","line":46,"loc":{"start":{"line":46,"column":4},"end":{"line":54,"column":4}}},"3":{"name":"fulfillRandomWordsWithOverride","line":56,"loc":{"start":{"line":56,"column":4},"end":{"line":62,"column":4}}}},"statementMap":{"1":{"start":{"line":29,"column":8},"end":{"line":29,"column":45}},"2":{"start":{"line":32,"column":8},"end":{"line":32,"column":886}},"3":{"start":{"line":43,"column":8},"end":{"line":43,"column":24}},"4":{"start":{"line":51,"column":8},"end":{"line":51,"column":70}},"5":{"start":{"line":53,"column":8},"end":{"line":53,"column":80}},"6":{"start":{"line":61,"column":8},"end":{"line":61,"column":80}}},"branchMap":{"1":{"line":51,"type":"if","locations":[{"start":{"line":51,"column":8},"end":{"line":51,"column":8}},{"start":{"line":51,"column":8},"end":{"line":51,"column":8}}]}}},
"src/mocks/VRFCoordinatorV2Mock.sol":{"l":{"37":1,"38":1,"44":1,"45":1,"59":0,"60":0,"64":0,"66":0,"74":1,"75":1,"76":1,"80":0,"81":0,"82":0,"83":0,"84":0,"85":0,"86":0,"92":0,"93":0,"94":0,"99":0,"103":0,"104":0,"105":0,"116":1,"117":1,"118":1,"119":1,"120":1,"121":1,"124":1,"126":1,"127":1,"128":1,"130":1,"141":1,"146":1,"147":1,"148":1,"152":0,"154":0,"156":0,"165":2,"166":2},"path":"/ai-projects/randomproof/contracts/src/mocks/VRFCoordinatorV2Mock.sol","s":{"1":1,"2":1,"3":1,"4":0,"5":0,"6":0,"7":1,"8":1,"9":1,"10":0,"11":0,"12":0,"13":0,"14":0,"15":0,"16":0,"17":0,"18":0,"19":0,"20":1,"21":1,"22":1,"23":1,"24":1,"25":1,"26":1,"27":1,"28":1,"29":1,"30":0,"31":0,"32":0,"33":2,"34":2},"b":{"1":[0,0],"2":[1,0],"3":[0,0],"4":[0,0],"5":[0,0],"6":[1,0],"7":[1,0],"8":[0,0]},"f":{"1":1,"2":0,"3":0,"4":0,"5":1,"6":0,"7":0,"8":0,"9":0,"10":1,"11":1,"12":0,"13":2},"fnMap":{"1":{"name":"createSubscription","line":36,"loc":{"start":{"line":36,"column":4},"end":{"line":46,"column":4}}},"2":{"name":"getSubscription","line":48,"loc":{"start":{"line":48,"column":4},"end":{"line":61,"column":4}}},"3":{"name":"requestSubscriptionOwnerTransfer","line":63,"loc":{"start":{"line":63,"column":4},"end":{"line":67,"column":4}}},"4":{"name":"acceptSubscriptionOwnerTransfer","line":69,"loc":{"start":{"line":69,"column":4},"end":{"line":71,"column":4}}},"5":{"name":"addConsumer","line":73,"loc":{"start":{"line":73,"column":4},"end":{"line":77,"column":4}}},"6":{"name":"removeConsumer","line":79,"loc":{"start":{"line":79,"column":4},"end":{"line":89,"column":4}}},"7":{"name":"cancelSubscription","line":91,"loc":{"start":{"line":91,"column":4},"end":{"line":96,"column":4}}},"8":{"name":"pendingRequestExists","line":98,"loc":{"start":{"line":98,"column":4},"end":{"line":100,"column":4}}},"9":{"name":"getRequestConfig","line":102,"loc":{"start":{"line":102,"column":4},"end":{"line":106,"column":4}}},"10":{"name":"requestRandomWords","line":108,"loc":{"start":{"line":108,"column":4},"end":{"line":142,"column":4}}},"11":{"name":"fundSubscription","line":145,"loc":{"start":{"line":145,"column":4},"end":{"line":149,"column":4}}},"12":{"name":"fulfillRandomWords","line":151,"loc":{"start":{"line":151,"column":4},"end":{"line":157,"column":4}}},"13":{"name":"fulfillRandomWordsWithOverride","line":159,"loc":{"start":{"line":159,"column":4},"end":{"line":167,"column":4}}}},"statementMap":{"1":{"start":{"line":37,"column":8},"end":{"line":37,"column":44}},"2":{"start":{"line":44,"column":8},"end":{"line":44,"column":51}},"3":{"start":{"line":45,"column":8},"end":{"line":45,"column":20}},"4":{"start":{"line":59,"column":8},"end":{"line":59,"column":56}},"5":{"start":{"line":60,"column":8},"end":{"line":60,"column":68}},"6":{"start":{"line":64,"column":8},"end":{"line":64,"column":84}},"7":{"start":{"line":74,"column":8},"end":{"line":74,"column":84}},"8":{"start":{"line":75,"column":8},"end":{"line":75,"column":54}},"9":{"start":{"line":76,"column":8},"end":{"line":76,"column":55}},"10":{"start":{"line":80,"column":8},"end":{"line":80,"column":84}},"11":{"start":{"line":81,"column":8},"end":{"line":81,"column":70}},"12":{"start":{"line":82,"column":8},"end":{"line":82,"column":3009}},"13":{"start":{"line":83,"column":12},"end":{"line":83,"column":3071}},"14":{"start":{"line":85,"column":16},"end":{"line":85,"column":30}},"15":{"start":{"line":92,"column":8},"end":{"line":92,"column":84}},"16":{"start":{"line":93,"column":8},"end":{"line":93,"column":55}},"17":{"start":{"line":99,"column":8},"end":{"line":99,"column":20}},"18":{"start":{"line":103,"column":8},"end":{"line":103,"column":53}},"19":{"start":{"line":105,"column":8},"end":{"line":105,"column":38}},"20":{"start":{"line":116,"column":8},"end":{"line":116,"column":31}},"21":{"start":{"line":117,"column":8},"end":{"line":117,"column":69}},"22":{"start":{"line":118,"column":8},"end":{"line":118,"column":4461}},"23":{"start":{"line":119,"column":12},"end":{"line":119,"column":4523}},"24":{"start":{"line":124,"column":8},"end":{"line":124,"column":53}},"25":{"start":{"line":126,"column":8},"end":{"line":126,"column":45}},"26":{"start":{"line":130,"column":8},"end":{"line":130,"column":4853}},"27":{"start":{"line":141,"column":8},"end":{"line":141,"column":24}},"28":{"start":{"line":146,"column":8},"end":{"line":146,"column":59}},"29":{"start":{"line":148,"column":8},"end":{"line":148,"column":82}},"30":{"start":{"line":152,"column":8},"end":{"line":152,"column":68}},"31":{"start":{"line":154,"column":8},"end":{"line":154,"column":80}},"32":{"start":{"line":156,"column":8},"end":{"line":156,"column":69}},"33":{"start":{"line":165,"column":8},"end":{"line":165,"column":80}},"34":{"start":{"line":166,"column":8},"end":{"line":166,"column":98}}},"branchMap":{"1":{"line":64,"type":"if","locations":[{"start":{"line":64,"column":8},"end":{"line":64,"column":8}},{"start":{"line":64,"column":8},"end":{"line":64,"column":8}}]},"2":{"line":74,"type":"if","locations":[{"start":{"line":74,"column":8},"end":{"line":74,"column":8}},{"start":{"line":74,"column":8},"end":{"line":74,"column":8}}]},"3":{"line":80,"type":"if","locations":[{"start":{"line":80,"column":8},"end":{"line":80,"column":8}},{"start":{"line":80,"column":8},"end":{"line":80,"column":8}}]},"4":{"line":83,"type":"if","locations":[{"start":{"line":83,"column":12},"end":{"line":83,"column":12}},{"start":{"line":83,"column":12},"end":{"line":83,"column":12}}]},"5":{"line":92,"type":"if","locations":[{"start":{"line":92,"column":8},"end":{"line":92,"column":8}},{"start":{"line":92,"column":8},"end":{"line":92,"column":8}}]},"6":{"line":119,"type":"if","locations":[{"start":{"line":119,"column":12},"end":{"line":119,"column":12}},{"start":{"line":119,"column":12},"end":{"line":119,"column":12}}]},"7":{"line":124,"type":"if","locations":[{"start":{"line":124,"column":8},"end":{"line":124,"column":8}},{"start":{"line":124,"column":8},"end":{"line":124,"column":8}}]},"8":{"line":152,"type":"if","locations":[{"start":{"line":152,"column":8},"end":{"line":152,"column":8}},{"start":{"line":152,"column":8},"end":{"line":152,"column":8}}]}}},
"src/mocks/VRFCoordinatorV2PlusMock.sol":{"l":{"42":0,"43":0,"49":0,"53":0,"57":0,"67":0,"68":0,"70":0,"82":0,"84":0,"91":0,"99":0,"101":0,"102":0,"103":0,"106":0,"108":0,"128":0,"129":0},"path":"/ai-projects/randomproof/contracts/src/mocks/VRFCoordinatorV2PlusMock.sol","s":{"1":0,"2":0,"3":0,"4":0,"5":0,"6":0,"7":0,"8":0,"9":0,"10":0,"11":0,"12":0,"13":0},"b":{"1":[0,0],"2":[0,0],"3":[0,0]},"f":{"1":0,"2":0,"3":0,"4":0,"5":0,"6":0,"7":0},"fnMap":{"1":{"name":"createSubscription","line":41,"loc":{"start":{"line":41,"column":4},"end":{"line":50,"column":4}}},"2":{"name":"addConsumer","line":52,"loc":{"start":{"line":52,"column":4},"end":{"line":54,"column":4}}},"3":{"name":"fundSubscription","line":56,"loc":{"start":{"line":56,"column":4},"end":{"line":58,"column":4}}},"4":{"name":"requestRandomWords","line":60,"loc":{"start":{"line":60,"column":4},"end":{"line":85,"column":4}}},"5":{"name":"fulfillRandomWords","line":87,"loc":{"start":{"line":87,"column":4},"end":{"line":92,"column":4}}},"6":{"name":"fulfillRandomWordsWithOverride","line":94,"loc":{"start":{"line":94,"column":4},"end":{"line":116,"column":4}}},"7":{"name":"getSubscription","line":118,"loc":{"start":{"line":118,"column":4},"end":{"line":130,"column":4}}}},"statementMap":{"1":{"start":{"line":42,"column":8},"end":{"line":42,"column":39}},"2":{"start":{"line":49,"column":8},"end":{"line":49,"column":20}},"3":{"start":{"line":53,"column":8},"end":{"line":53,"column":54}},"4":{"start":{"line":67,"column":8},"end":{"line":67,"column":45}},"5":{"start":{"line":70,"column":8},"end":{"line":70,"column":1998}},"6":{"start":{"line":84,"column":8},"end":{"line":84,"column":24}},"7":{"start":{"line":91,"column":8},"end":{"line":91,"column":76}},"8":{"start":{"line":99,"column":8},"end":{"line":99,"column":96}},"9":{"start":{"line":101,"column":8},"end":{"line":101,"column":2828}},"10":{"start":{"line":106,"column":8},"end":{"line":106,"column":80}},"11":{"start":{"line":108,"column":8},"end":{"line":108,"column":3112}},"12":{"start":{"line":128,"column":8},"end":{"line":128,"column":56}},"13":{"start":{"line":129,"column":8},"end":{"line":129,"column":68}}},"branchMap":{"1":{"line":99,"type":"if","locations":[{"start":{"line":99,"column":8},"end":{"line":99,"column":8}},{"start":{"line":99,"column":8},"end":{"line":99,"column":8}}]},"2":{"line":99,"type":"cond-expr","locations":[{"start":{"line":99,"column":16},"end":{"line":99,"column":49}},{"start":{"line":99,"column":54},"end":{"line":99,"column":75}}]},"3":{"line":101,"type":"if","locations":[{"start":{"line":101,"column":8},"end":{"line":101,"column":8}},{"start":{"line":101,"column":8},"end":{"line":101,"column":8}}]}}},
"src/RandomProof.sol":{"l":{"58":1,"59":1,"60":1,"61":1,"68":30,"69":28,"72":2,"73":1,"76":1,"84":1,"94":1,"95":1,"97":1,"110":2,"112":2,"113":2,"114":2,"116":2,"127":0,"128":0,"129":0,"132":0,"133":0,"139":0,"140":0,"141":0,"143":0,"149":0,"150":0,"151":0,"153":0,"159":0},"path":"/ai-projects/randomproof/contracts/src/RandomProof.sol","s":{"1":30,"2":2,"3":1,"4":2,"5":2,"6":0,"7":0,"8":0,"9":0,"10":0,"11":0,"12":0,"13":0,"14":0,"15":0,"16":0},"b":{"1":[28,2],"2":[1,1],"3":[0,0],"4":[0,0],"5":[0,0]},"f":{"1":1,"2":30,"3":2,"4":0,"5":0,"6":0,"7":0},"fnMap":{"1":{"name":"constructor","line":57,"loc":{"start":{"line":52,"column":4},"end":{"line":62,"column":4}}},"2":{"name":"requestRandomness","line":64,"loc":{"start":{"line":64,"column":4},"end":{"line":104,"column":4}}},"3":{"name":"fulfillRandomWords","line":106,"loc":{"start":{"line":106,"column":4},"end":{"line":122,"column":4}}},"4":{"name":"getRandomnessForEntityHash","line":124,"loc":{"start":{"line":124,"column":4},"end":{"line":134,"column":4}}},"5":{"name":"getRequestDetails","line":136,"loc":{"start":{"line":136,"column":4},"end":{"line":144,"column":4}}},"6":{"name":"getRequestIdForEntityHash","line":146,"loc":{"start":{"line":146,"column":4},"end":{"line":154,"column":4}}},"7":{"name":"isEntityHashProcessed","line":156,"loc":{"start":{"line":156,"column":4},"end":{"line":160,"column":4}}}},"statementMap":{"1":{"start":{"line":68,"column":8},"end":{"line":68,"column":2038}},"2":{"start":{"line":72,"column":8},"end":{"line":72,"column":2143}},"3":{"start":{"line":97,"column":8},"end":{"line":97,"column":2901}},"4":{"start":{"line":110,"column":8},"end":{"line":110,"column":65}},"5":{"start":{"line":116,"column":8},"end":{"line":116,"column":3405}},"6":{"start":{"line":127,"column":8},"end":{"line":127,"column":63}},"7":{"start":{"line":128,"column":8},"end":{"line":128,"column":3774}},"8":{"start":{"line":132,"column":8},"end":{"line":132,"column":64}},"9":{"start":{"line":133,"column":8},"end":{"line":133,"column":54}},"10":{"start":{"line":139,"column":8},"end":{"line":139,"column":64}},"11":{"start":{"line":140,"column":8},"end":{"line":140,"column":4175}},"12":{"start":{"line":143,"column":8},"end":{"line":143,"column":22}},"13":{"start":{"line":149,"column":8},"end":{"line":149,"column":63}},"14":{"start":{"line":150,"column":8},"end":{"line":150,"column":4489}},"15":{"start":{"line":153,"column":8},"end":{"line":153,"column":24}},"16":{"start":{"line":159,"column":8},"end":{"line":159,"column":48}}},"branchMap":{"1":{"line":68,"type":"if","locations":[{"start":{"line":68,"column":8},"end":{"line":68,"column":8}},{"start":{"line":68,"column":8},"end":{"line":68,"column":8}}]},"2":{"line":72,"type":"if","locations":[{"start":{"line":72,"column":8},"end":{"line":72,"column":8}},{"start":{"line":72,"column":8},"end":{"line":72,"column":8}}]},"3":{"line":128,"type":"if","locations":[{"start":{"line":128,"column":8},"end":{"line":128,"column":8}},{"start":{"line":128,"column":8},"end":{"line":128,"column":8}}]},"4":{"line":140,"type":"if","locations":[{"start":{"line":140,"column":8},"end":{"line":140,"column":8}},{"start":{"line":140,"column":8},"end":{"line":140,"column":8}}]},"5":{"line":150,"type":"if","locations":[{"start":{"line":150,"column":8},"end":{"line":150,"column":8}},{"start":{"line":150,"column":8},"end":{"line":150,"column":8}}]}}},
"src/RandomProofOptimized.sol":{"l":{"54":2,"55":2,"56":2,"57":2,"64":27,"65":8,"68":19,"70":19,"71":1,"74":18,"82":18,"92":18,"94":18,"107":6,"109":6,"110":6,"111":6,"113":6,"123":7,"124":7,"126":7,"127":1,"130":6,"131":6,"145":3,"147":3,"148":1,"151":2,"165":4,"166":4,"168":4,"169":1,"172":3,"178":3,"179":3},"path":"/ai-projects/randomproof/contracts/src/RandomProofOptimized.sol","s":{"1":27,"2":19,"3":19,"4":18,"5":6,"6":6,"7":7,"8":7,"9":7,"10":6,"11":6,"12":3,"13":3,"14":2,"15":4,"16":4,"17":4,"18":3,"19":3,"20":3},"b":{"1":[8,19],"2":[1,18],"3":[1,6],"4":[1,2],"5":[1,3]},"f":{"1":2,"2":27,"3":6,"4":7,"5":3,"6":4,"7":3},"fnMap":{"1":{"name":"constructor","line":53,"loc":{"start":{"line":48,"column":4},"end":{"line":58,"column":4}}},"2":{"name":"requestRandomness","line":60,"loc":{"start":{"line":60,"column":4},"end":{"line":101,"column":4}}},"3":{"name":"fulfillRandomWords","line":103,"loc":{"start":{"line":103,"column":4},"end":{"line":118,"column":4}}},"4":{"name":"getRandomnessForEntityHash","line":120,"loc":{"start":{"line":120,"column":4},"end":{"line":132,"column":4}}},"5":{"name":"getRequestDetails","line":134,"loc":{"start":{"line":134,"column":4},"end":{"line":160,"column":4}}},"6":{"name":"getRequestIdForEntityHash","line":162,"loc":{"start":{"line":162,"column":4},"end":{"line":173,"column":4}}},"7":{"name":"isEntityHashProcessed","line":175,"loc":{"start":{"line":175,"column":4},"end":{"line":180,"column":4}}}},"statementMap":{"1":{"start":{"line":64,"column":8},"end":{"line":64,"column":1972}},"2":{"start":{"line":68,"column":8},"end":{"line":68,"column":64}},"3":{"start":{"line":70,"column":8},"end":{"line":70,"column":2152}},"4":{"start":{"line":94,"column":8},"end":{"line":94,"column":2932}},"5":{"start":{"line":107,"column":8},"end":{"line":107,"column":65}},"6":{"start":{"line":113,"column":8},"end":{"line":113,"column":3449}},"7":{"start":{"line":123,"column":8},"end":{"line":123,"column":64}},"8":{"start":{"line":124,"column":8},"end":{"line":124,"column":70}},"9":{"start":{"line":126,"column":8},"end":{"line":126,"column":3883}},"10":{"start":{"line":130,"column":8},"end":{"line":130,"column":64}},"11":{"start":{"line":131,"column":8},"end":{"line":131,"column":54}},"12":{"start":{"line":145,"column":8},"end":{"line":145,"column":64}},"13":{"start":{"line":147,"column":8},"end":{"line":147,"column":4473}},"14":{"start":{"line":151,"column":8},"end":{"line":151,"column":4578}},"15":{"start":{"line":165,"column":8},"end":{"line":165,"column":64}},"16":{"start":{"line":166,"column":8},"end":{"line":166,"column":70}},"17":{"start":{"line":168,"column":8},"end":{"line":168,"column":5110}},"18":{"start":{"line":172,"column":8},"end":{"line":172,"column":24}},"19":{"start":{"line":178,"column":8},"end":{"line":178,"column":64}},"20":{"start":{"line":179,"column":8},"end":{"line":179,"column":62}}},"branchMap":{"1":{"line":64,"type":"if","locations":[{"start":{"line":64,"column":8},"end":{"line":64,"column":8}},{"start":{"line":64,"column":8},"end":{"line":64,"column":8}}]},"2":{"line":70,"type":"if","locations":[{"start":{"line":70,"column":8},"end":{"line":70,"column":8}},{"start":{"line":70,"column":8},"end":{"line":70,"column":8}}]},"3":{"line":126,"type":"if","locations":[{"start":{"line":126,"column":8},"end":{"line":126,"column":8}},{"start":{"line":126,"column":8},"end":{"line":126,"column":8}}]},"4":{"line":147,"type":"if","locations":[{"start":{"line":147,"column":8},"end":{"line":147,"column":8}},{"start":{"line":147,"column":8},"end":{"line":147,"column":8}}]},"5":{"line":168,"type":"if","locations":[{"start":{"line":168,"column":8},"end":{"line":168,"column":8}},{"start":{"line":168,"column":8},"end":{"line":168,"column":8}}]}}}}
