TN:
SF:/ai-projects/randomproof/contracts/src/mocks/MaliciousReentrant.sol
FN:12,constructor
FN:16,attack
FN:24,
FNF:3
FNH:1
FNDA:1,constructor
FNDA:0,attack
FNDA:0,
DA:13,1
DA:17,0
DA:18,0
DA:25,0
DA:26,0
DA:28,0
LF:6
LH:1
BRDA:25,1,0,0
BRDA:25,1,1,0
BRF:2
BRH:0
end_of_record
TN:
SF:/ai-projects/randomproof/contracts/src/mocks/MockVRFCoordinator.sol
FN:22,requestRandomWords
FN:46,fulfillRandomWords
FN:56,fulfillRandomWordsWithOverride
FNF:3
FNH:2
FNDA:18,requestRandomWords
FNDA:7,fulfillRandomWords
FNDA:0,fulfillRandomWordsWithOverride
DA:29,18
DA:30,18
DA:32,18
DA:43,18
DA:51,7
DA:53,6
DA:61,0
LF:7
LH:6
BRDA:51,1,0,6
BRDA:51,1,1,1
BRF:2
BRH:2
end_of_record
TN:
SF:/ai-projects/randomproof/contracts/src/mocks/VRFCoordinatorV2Mock.sol
FN:36,createSubscription
FN:48,getSubscription
FN:63,requestSubscriptionOwnerTransfer
FN:69,acceptSubscriptionOwnerTransfer
FN:73,addConsumer
FN:79,removeConsumer
FN:91,cancelSubscription
FN:98,pendingRequestExists
FN:102,getRequestConfig
FN:108,requestRandomWords
FN:145,fundSubscription
FN:151,fulfillRandomWords
FN:159,fulfillRandomWordsWithOverride
FNF:13
FNH:5
FNDA:1,createSubscription
FNDA:0,getSubscription
FNDA:0,requestSubscriptionOwnerTransfer
FNDA:0,acceptSubscriptionOwnerTransfer
FNDA:1,addConsumer
FNDA:0,removeConsumer
FNDA:0,cancelSubscription
FNDA:0,pendingRequestExists
FNDA:0,getRequestConfig
FNDA:1,requestRandomWords
FNDA:1,fundSubscription
FNDA:0,fulfillRandomWords
FNDA:2,fulfillRandomWordsWithOverride
DA:37,1
DA:38,1
DA:44,1
DA:45,1
DA:59,0
DA:60,0
DA:64,0
DA:66,0
DA:74,1
DA:75,1
DA:76,1
DA:80,0
DA:81,0
DA:82,0
DA:83,0
DA:84,0
DA:85,0
DA:86,0
DA:92,0
DA:93,0
DA:94,0
DA:99,0
DA:103,0
DA:104,0
DA:105,0
DA:116,1
DA:117,1
DA:118,1
DA:119,1
DA:120,1
DA:121,1
DA:124,1
DA:126,1
DA:127,1
DA:128,1
DA:130,1
DA:141,1
DA:146,1
DA:147,1
DA:148,1
DA:152,0
DA:154,0
DA:156,0
DA:165,2
DA:166,2
LF:45
LH:24
BRDA:64,1,0,0
BRDA:64,1,1,0
BRDA:74,2,0,1
BRDA:74,2,1,0
BRDA:80,3,0,0
BRDA:80,3,1,0
BRDA:83,4,0,0
BRDA:83,4,1,0
BRDA:92,5,0,0
BRDA:92,5,1,0
BRDA:119,6,0,1
BRDA:119,6,1,0
BRDA:124,7,0,1
BRDA:124,7,1,0
BRDA:152,8,0,0
BRDA:152,8,1,0
BRF:16
BRH:3
end_of_record
TN:
SF:/ai-projects/randomproof/contracts/src/mocks/VRFCoordinatorV2PlusMock.sol
FN:41,createSubscription
FN:52,addConsumer
FN:56,fundSubscription
FN:60,requestRandomWords
FN:87,fulfillRandomWords
FN:94,fulfillRandomWordsWithOverride
FN:118,getSubscription
FNF:7
FNH:0
FNDA:0,createSubscription
FNDA:0,addConsumer
FNDA:0,fundSubscription
FNDA:0,requestRandomWords
FNDA:0,fulfillRandomWords
FNDA:0,fulfillRandomWordsWithOverride
FNDA:0,getSubscription
DA:42,0
DA:43,0
DA:49,0
DA:53,0
DA:57,0
DA:67,0
DA:68,0
DA:70,0
DA:82,0
DA:84,0
DA:91,0
DA:99,0
DA:101,0
DA:102,0
DA:103,0
DA:106,0
DA:108,0
DA:128,0
DA:129,0
LF:19
LH:0
BRDA:99,1,0,0
BRDA:99,1,1,0
BRDA:99,2,0,0
BRDA:99,2,1,0
BRDA:101,3,0,0
BRDA:101,3,1,0
BRF:6
BRH:0
end_of_record
TN:
SF:/ai-projects/randomproof/contracts/src/RandomProof.sol
FN:57,constructor
FN:64,requestRandomness
FN:106,fulfillRandomWords
FN:124,getRandomnessForEntityHash
FN:136,getRequestDetails
FN:146,getRequestIdForEntityHash
FN:156,isEntityHashProcessed
FNF:7
FNH:3
FNDA:1,constructor
FNDA:30,requestRandomness
FNDA:2,fulfillRandomWords
FNDA:0,getRandomnessForEntityHash
FNDA:0,getRequestDetails
FNDA:0,getRequestIdForEntityHash
FNDA:0,isEntityHashProcessed
DA:58,1
DA:59,1
DA:60,1
DA:61,1
DA:68,30
DA:69,28
DA:72,2
DA:73,1
DA:76,1
DA:84,1
DA:94,1
DA:95,1
DA:97,1
DA:110,2
DA:112,2
DA:113,2
DA:114,2
DA:116,2
DA:127,0
DA:128,0
DA:129,0
DA:132,0
DA:133,0
DA:139,0
DA:140,0
DA:141,0
DA:143,0
DA:149,0
DA:150,0
DA:151,0
DA:153,0
DA:159,0
LF:32
LH:18
BRDA:68,1,0,28
BRDA:68,1,1,2
BRDA:72,2,0,1
BRDA:72,2,1,1
BRDA:128,3,0,0
BRDA:128,3,1,0
BRDA:140,4,0,0
BRDA:140,4,1,0
BRDA:150,5,0,0
BRDA:150,5,1,0
BRF:10
BRH:4
end_of_record
TN:
SF:/ai-projects/randomproof/contracts/src/RandomProofOptimized.sol
FN:53,constructor
FN:60,requestRandomness
FN:103,fulfillRandomWords
FN:120,getRandomnessForEntityHash
FN:134,getRequestDetails
FN:162,getRequestIdForEntityHash
FN:175,isEntityHashProcessed
FNF:7
FNH:7
FNDA:2,constructor
FNDA:27,requestRandomness
FNDA:6,fulfillRandomWords
FNDA:7,getRandomnessForEntityHash
FNDA:3,getRequestDetails
FNDA:4,getRequestIdForEntityHash
FNDA:3,isEntityHashProcessed
DA:54,2
DA:55,2
DA:56,2
DA:57,2
DA:64,27
DA:65,8
DA:68,19
DA:70,19
DA:71,1
DA:74,18
DA:82,18
DA:92,18
DA:94,18
DA:107,6
DA:109,6
DA:110,6
DA:111,6
DA:113,6
DA:123,7
DA:124,7
DA:126,7
DA:127,1
DA:130,6
DA:131,6
DA:145,3
DA:147,3
DA:148,1
DA:151,2
DA:165,4
DA:166,4
DA:168,4
DA:169,1
DA:172,3
DA:178,3
DA:179,3
LF:35
LH:35
BRDA:64,1,0,8
BRDA:64,1,1,19
BRDA:70,2,0,1
BRDA:70,2,1,18
BRDA:126,3,0,1
BRDA:126,3,1,6
BRDA:147,4,0,1
BRDA:147,4,1,2
BRDA:168,5,0,1
BRDA:168,5,1,3
BRF:10
BRH:10
end_of_record
